[2025-07-04 13:45:00] 💥 Uncaught error: cannot access local variable 'fragment' where it is not associated with a value
[2025-07-04 13:45:21] 💥 Uncaught error: cannot access local variable 'fragment' where it is not associated with a value
[2025-07-04 13:49:21] 💥 Uncaught error: cannot access local variable 'fragment' where it is not associated with a value
[2025-07-04 13:56:55] Received args: Fragment=, path=
[2025-07-04 13:56:55] Extracted Username: None
[2025-07-04 13:57:35] Received args: Fragment=, path=
[2025-07-04 13:57:35] Extracted Username: None
[2025-07-04 13:58:01] Received args: Fragment=, path=
[2025-07-04 13:58:01] Extracted Username: None
[2025-07-04 14:06:04] Received args: Fragment=, path=
[2025-07-04 14:06:04] Extracted Username: None
[2025-07-04 14:08:24] 🧪 Raw stdin: {"clientMutationId":null,"id":"236180","title":"2592x1728_a94c41ee29b8a74378efbd58b9726d79.jpeg","code":null,"urls":[],"date":null,"details":"","photographer":null,"rating100":null,"organized":null,"scene_ids":null,"studio_id":null,"tag_ids":null,"performer_ids":null,"gallery_ids":null,"primary_file_id":null,"url":null}
[2025-07-04 14:08:24] 💥 Uncaught error: name 'path' is not defined
[2025-07-04 14:13:47] 🧪 Raw stdin: {"clientMutationId":null,"id":"236180","title":"2592x1728_a94c41ee29b8a74378efbd58b9726d79.jpeg","code":null,"urls":[],"date":null,"details":"","photographer":null,"rating100":null,"organized":null,"scene_ids":null,"studio_id":null,"tag_ids":null,"performer_ids":null,"gallery_ids":null,"primary_file_id":null,"url":null}
[2025-07-04 14:13:47] Received fragment=2592x1728_a94c41ee29b8a74378efbd58b9726d79, path=
[2025-07-04 14:13:47] Extracted username: None
[2025-07-04 14:13:47] 💥 Uncaught error: join() argument must be str, bytes, or os.PathLike object, not 'NoneType'
[2025-07-04 14:20:29] 🧪 Raw stdin: {"clientMutationId":null,"id":"236180","title":"2592x1728_a94c41ee29b8a74378efbd58b9726d79.jpeg","code":null,"urls":[],"date":null,"details":"","photographer":null,"rating100":null,"organized":null,"scene_ids":null,"studio_id":null,"tag_ids":null,"performer_ids":null,"gallery_ids":null,"primary_file_id":null,"url":null}
[2025-07-04 14:20:29] Received fragment=2592x1728_a94c41ee29b8a74378efbd58b9726d79, path=
[2025-07-04 14:20:29] Extracted username: None
[2025-07-04 14:20:29] 💥 Uncaught error: join() argument must be str, bytes, or os.PathLike object, not 'NoneType'
[2025-07-04 14:29:58] 🧪 Raw stdin: {"clientMutationId":null,"id":"236180","title":"2592x1728_a94c41ee29b8a74378efbd58b9726d79.jpeg","code":null,"urls":[],"date":null,"details":"","photographer":null,"rating100":null,"organized":null,"scene_ids":null,"studio_id":null,"tag_ids":null,"performer_ids":null,"gallery_ids":null,"primary_file_id":null,"url":null}
[2025-07-04 14:29:58] Received fragment=2592x1728_a94c41ee29b8a74378efbd58b9726d79, path=
[2025-07-04 14:29:58] 🔍 Fallback found path: O:\OnlyFans\briankaminski\briankaminski - Images\2592x1728_a94c41ee29b8a74378efbd58b9726d79.jpeg
[2025-07-04 14:29:58] Extracted username: briankaminski
[2025-07-04 14:29:58] DB path: O:/Metadata/Onlyfans\briankaminski\user_data.db
[2025-07-04 14:29:58] ⚠️ No metadata match found.
[2025-07-04 14:30:35] 🧪 Raw stdin: {"clientMutationId":null,"id":"236180","title":"2592x1728_a94c41ee29b8a74378efbd58b9726d79.jpeg","code":null,"urls":[],"date":null,"details":"","photographer":null,"rating100":null,"organized":null,"scene_ids":null,"studio_id":null,"tag_ids":null,"performer_ids":null,"gallery_ids":null,"primary_file_id":null,"url":null}
[2025-07-04 14:30:35] Received fragment=2592x1728_a94c41ee29b8a74378efbd58b9726d79, path=
[2025-07-04 14:30:35] 🔍 Fallback found path: O:\OnlyFans\briankaminski\briankaminski - Images\2592x1728_a94c41ee29b8a74378efbd58b9726d79.jpeg
[2025-07-04 14:30:35] Extracted username: briankaminski
[2025-07-04 14:30:35] DB path: O:/Metadata/Onlyfans\briankaminski\user_data.db
[2025-07-04 14:30:35] ⚠️ No metadata match found.
[2025-07-04 14:35:18] 🧪 Raw stdin: {"clientMutationId":null,"id":"236180","title":"2592x1728_a94c41ee29b8a74378efbd58b9726d79.jpeg","code":null,"urls":[],"date":null,"details":"","photographer":null,"rating100":null,"organized":null,"scene_ids":null,"studio_id":null,"tag_ids":null,"performer_ids":null,"gallery_ids":null,"primary_file_id":null,"url":null}
[2025-07-04 14:35:18] Received fragment=2592x1728_a94c41ee29b8a74378efbd58b9726d79, path=
[2025-07-04 14:35:19] 🔍 Fallback found path: O:\OnlyFans\briankaminski\briankaminski - Images\2592x1728_a94c41ee29b8a74378efbd58b9726d79.jpeg
[2025-07-04 14:35:19] Extracted username: briankaminski
[2025-07-04 14:35:19] DB path: O:/Metadata/Onlyfans\briankaminski\user_data.db
[2025-07-04 14:35:19] Sample DB filenames (first 5): ['0i0v2ckes3607upqah3or_source.mp4', '1944x2592_d035881de1c691b0c88aefea292b5efa.jpeg', '2592x1721_4523137063d6602d17c1dd7fc382d5ae.jpeg', '1944x2592_f9a6f82499348d9045015009c8718a6d.jpeg', '0i0tp8ggxpn3eh17grvzc_source.mp4']
[2025-07-04 14:35:19] ⚠️ No metadata match found.
[2025-07-04 14:40:53] 🧪 Raw stdin: {"clientMutationId":null,"id":"236180","title":"2592x1728_a94c41ee29b8a74378efbd58b9726d79.jpeg","code":null,"urls":[],"date":null,"details":"","photographer":null,"rating100":null,"organized":null,"scene_ids":null,"studio_id":null,"tag_ids":null,"performer_ids":null,"gallery_ids":null,"primary_file_id":null,"url":null}
[2025-07-04 14:40:53] Received fragment=2592x1728_a94c41ee29b8a74378efbd58b9726d79, path=
[2025-07-04 14:40:53] 🔍 Fallback found path: O:\OnlyFans\briankaminski\briankaminski - Images\2592x1728_a94c41ee29b8a74378efbd58b9726d79.jpeg
[2025-07-04 14:40:53] Extracted username: briankaminski
[2025-07-04 14:40:53] DB path: O:/Metadata/Onlyfans\briankaminski\user_data.db
[2025-07-04 14:40:53] Sample DB filenames (first 5): ['0i0v2ckes3607upqah3or_source.mp4', '1944x2592_d035881de1c691b0c88aefea292b5efa.jpeg', '2592x1721_4523137063d6602d17c1dd7fc382d5ae.jpeg', '1944x2592_f9a6f82499348d9045015009c8718a6d.jpeg', '0i0tp8ggxpn3eh17grvzc_source.mp4']
[2025-07-04 14:40:54] ⚠️ No metadata match found.
[2025-07-04 14:47:19] 🧪 Raw stdin: {"clientMutationId":null,"id":"236180","title":"2592x1728_a94c41ee29b8a74378efbd58b9726d79.jpeg","code":null,"urls":[],"date":null,"details":"","photographer":null,"rating100":null,"organized":null,"scene_ids":null,"studio_id":null,"tag_ids":null,"performer_ids":null,"gallery_ids":null,"primary_file_id":null,"url":null}
[2025-07-04 14:47:19] Received fragment=2592x1728_a94c41ee29b8a74378efbd58b9726d79, path=
[2025-07-04 14:47:19] 🔍 Fallback found path: O:\OnlyFans\briankaminski\briankaminski - Images\2592x1728_a94c41ee29b8a74378efbd58b9726d79.jpeg
[2025-07-04 14:47:19] Extracted username: briankaminski
[2025-07-04 14:47:19] DB path: O:/Metadata/Onlyfans\briankaminski\user_data.db
[2025-07-04 14:47:19] 🔍 Trying match with filename: 2592x1728_a94c41ee29b8a74378efbd58b9726d79.jpg
[2025-07-04 14:47:19] 🔍 Trying match with filename: 2592x1728_a94c41ee29b8a74378efbd58b9726d79.jpeg
[2025-07-04 14:47:19] DB has 4344 filenames. Example: ['0i0v2ckes3607upqah3or_source.mp4', '1944x2592_d035881de1c691b0c88aefea292b5efa.jpeg', '2592x1721_4523137063d6602d17c1dd7fc382d5ae.jpeg', '1944x2592_f9a6f82499348d9045015009c8718a6d.jpeg', '0i0tp8ggxpn3eh17grvzc_source.mp4']
[2025-07-04 14:47:19] 💥 Uncaught error: 'NoneType' object is not subscriptable
[2025-07-04 14:53:33] 🧪 Raw stdin: {"clientMutationId":null,"id":"236180","title":"2592x1728_a94c41ee29b8a74378efbd58b9726d79.jpeg","code":null,"urls":[],"date":null,"details":"","photographer":null,"rating100":null,"organized":null,"scene_ids":null,"studio_id":null,"tag_ids":null,"performer_ids":null,"gallery_ids":null,"primary_file_id":null,"url":null}
[2025-07-04 14:53:33] Received fragment=2592x1728_a94c41ee29b8a74378efbd58b9726d79, path=
[2025-07-04 14:53:33] 🔍 Fallback found path: O:\OnlyFans\briankaminski\briankaminski - Images\2592x1728_a94c41ee29b8a74378efbd58b9726d79.jpeg
[2025-07-04 14:53:33] Extracted username: briankaminski
[2025-07-04 14:53:33] DB path: O:/Metadata/Onlyfans\briankaminski\user_data.db
[2025-07-04 14:53:33] ⚠️ No metadata match found.
[2025-07-04 14:55:28] 🧪 Raw stdin: {"clientMutationId":null,"id":"236180","title":"2592x1728_a94c41ee29b8a74378efbd58b9726d79.jpeg","code":null,"urls":[],"date":null,"details":"","photographer":null,"rating100":null,"organized":null,"scene_ids":null,"studio_id":null,"tag_ids":null,"performer_ids":null,"gallery_ids":null,"primary_file_id":null,"url":null}
[2025-07-04 14:55:28] Received fragment=2592x1728_a94c41ee29b8a74378efbd58b9726d79, path=
[2025-07-04 14:55:28] 🔍 Fallback found path: O:\OnlyFans\briankaminski\briankaminski - Images\2592x1728_a94c41ee29b8a74378efbd58b9726d79.jpeg
[2025-07-04 14:55:28] Extracted username: briankaminski
[2025-07-04 14:55:28] DB path: O:/Metadata/Onlyfans\briankaminski\user_data.db
[2025-07-04 14:55:28] 🔍 Trying match with filename: 2592x1728_a94c41ee29b8a74378efbd58b9726d79.jpg
[2025-07-04 14:55:28] 🔍 Trying match with filename: 2592x1728_a94c41ee29b8a74378efbd58b9726d79.jpeg
[2025-07-04 14:55:28] 🔍 Trying match with filename: 2592x1728_a94c41ee29b8a74378efbd58b9726d79.png
[2025-07-04 14:55:28] 🔍 Trying match with filename: 2592x1728_a94c41ee29b8a74378efbd58b9726d79.webp
[2025-07-04 14:55:28] 🔍 Trying match with filename: 2592x1728_a94c41ee29b8a74378efbd58b9726d79.gif
[2025-07-04 14:55:28] ⚠️ No metadata match found.
[2025-07-04 19:13:32] 🧪 Raw stdin: {"clientMutationId":null,"id":"293294","title":"2732x4096_ff86c6be19cc8f9b2e3cf27aa0d27275.jpeg","code":null,"urls":[],"date":null,"details":"","photographer":null,"rating100":null,"organized":null,"scene_ids":null,"studio_id":null,"tag_ids":null,"performer_ids":null,"gallery_ids":null,"primary_file_id":null,"url":null}
[2025-07-04 19:13:32] Received fragment=2732x4096_ff86c6be19cc8f9b2e3cf27aa0d27275, path=
[2025-07-04 19:13:33] 🔍 Fallback found path: O:\OnlyFans\treysphotostudio\treysphotostudio - Images\2732x4096_ff86c6be19cc8f9b2e3cf27aa0d27275.jpeg
[2025-07-04 19:13:33] Extracted username: treysphotostudio
[2025-07-04 19:13:33] DB path: O:/Metadata/Onlyfans\treysphotostudio\user_data.db
[2025-07-04 19:13:33] 🔍 Trying match with filename: 2732x4096_ff86c6be19cc8f9b2e3cf27aa0d27275.jpg
[2025-07-04 19:13:33] 🔍 Trying match with filename: 2732x4096_ff86c6be19cc8f9b2e3cf27aa0d27275.jpeg
[2025-07-04 19:13:33] 🔍 Trying match with filename: 2732x4096_ff86c6be19cc8f9b2e3cf27aa0d27275.png
[2025-07-04 19:13:33] 🔍 Trying match with filename: 2732x4096_ff86c6be19cc8f9b2e3cf27aa0d27275.webp
[2025-07-04 19:13:33] 🔍 Trying match with filename: 2732x4096_ff86c6be19cc8f9b2e3cf27aa0d27275.gif
[2025-07-04 19:13:33] ⚠️ No metadata match found.
[2025-07-04 20:01:27] 🧪 Raw stdin: {"clientMutationId":null,"id":"293294","title":"2732x4096_ff86c6be19cc8f9b2e3cf27aa0d27275.jpeg","code":null,"urls":[],"date":null,"details":"","photographer":null,"rating100":null,"organized":null,"scene_ids":null,"studio_id":null,"tag_ids":null,"performer_ids":null,"gallery_ids":null,"primary_file_id":null,"url":null}
[2025-07-04 20:01:27] Received fragment=2732x4096_ff86c6be19cc8f9b2e3cf27aa0d27275, path=
[2025-07-04 20:01:28] 🔍 Fallback found path: O:\OnlyFans\treysphotostudio\treysphotostudio - Images\2732x4096_ff86c6be19cc8f9b2e3cf27aa0d27275.jpeg
[2025-07-04 20:01:28] Extracted username: treysphotostudio
[2025-07-04 20:01:28] DB path: O:/Metadata/Onlyfans\treysphotostudio\user_data.db
[2025-07-04 20:01:28] 🔍 Trying match with filename: 2732x4096_ff86c6be19cc8f9b2e3cf27aa0d27275.jpg
[2025-07-04 20:01:28] 🔍 Trying match with filename: 2732x4096_ff86c6be19cc8f9b2e3cf27aa0d27275.jpeg
[2025-07-04 20:01:28] 🔍 Trying match with filename: 2732x4096_ff86c6be19cc8f9b2e3cf27aa0d27275.png
[2025-07-04 20:01:28] 🔍 Trying match with filename: 2732x4096_ff86c6be19cc8f9b2e3cf27aa0d27275.webp
[2025-07-04 20:01:28] 🔍 Trying match with filename: 2732x4096_ff86c6be19cc8f9b2e3cf27aa0d27275.gif
[2025-07-04 20:01:28] ⚠️ No metadata match found.
[2025-07-04 20:13:27] 🧪 Raw stdin: {"clientMutationId":null,"id":"293294","title":"2732x4096_ff86c6be19cc8f9b2e3cf27aa0d27275.jpeg","code":null,"urls":[],"date":null,"details":"","photographer":null,"rating100":null,"organized":null,"scene_ids":null,"studio_id":null,"tag_ids":null,"performer_ids":null,"gallery_ids":null,"primary_file_id":null,"url":null}
[2025-07-04 20:13:27] Received fragment=2732x4096_ff86c6be19cc8f9b2e3cf27aa0d27275, path=
[2025-07-04 20:13:27] 🔍 Fallback found path: O:\OnlyFans\treysphotostudio\treysphotostudio - Images\2732x4096_ff86c6be19cc8f9b2e3cf27aa0d27275.jpeg
[2025-07-04 20:13:27] Extracted username: treysphotostudio
[2025-07-04 20:13:27] DB path: O:/Metadata/Onlyfans\treysphotostudio\user_data.db
[2025-07-04 20:13:27] 🔍 Trying match with filename: 2732x4096_ff86c6be19cc8f9b2e3cf27aa0d27275.jpg
[2025-07-04 20:13:27] 🔍 Trying match with filename: 2732x4096_ff86c6be19cc8f9b2e3cf27aa0d27275.jpeg
[2025-07-04 20:13:27] 🔍 Trying match with filename: 2732x4096_ff86c6be19cc8f9b2e3cf27aa0d27275.png
[2025-07-04 20:13:27] 🔍 Trying match with filename: 2732x4096_ff86c6be19cc8f9b2e3cf27aa0d27275.webp
[2025-07-04 20:13:27] 🔍 Trying match with filename: 2732x4096_ff86c6be19cc8f9b2e3cf27aa0d27275.gif
[2025-07-04 20:13:27] ⚠️ No metadata match found.
[2025-07-29 12:02:31] 🧪 Raw stdin: {"clientMutationId":null,"id":"238534","title":"228x240_40dc41e946cd0efb13e9de3bb50229ca.jpg","code":null,"urls":[],"date":null,"details":"","photographer":null,"rating100":null,"organized":null,"scene_ids":null,"studio_id":null,"tag_ids":null,"performer_ids":null,"gallery_ids":null,"primary_file_id":null,"url":null}
[2025-07-29 12:02:31] Received fragment=228x240_40dc41e946cd0efb13e9de3bb50229ca, path=
[2025-07-29 12:02:31] 🔍 Fallback found path: O:\OnlyFans\colorslashform\colorslashform - Images\228x240_40dc41e946cd0efb13e9de3bb50229ca.jpg
[2025-07-29 12:02:31] Extracted username: colorslashform
[2025-07-29 12:02:31] DB path: O:/Metadata/Onlyfans\colorslashform\user_data.db
[2025-07-29 12:02:31] 🔍 Trying match with filename: 228x240_40dc41e946cd0efb13e9de3bb50229ca.jpg
[2025-07-29 12:02:31] 🔍 Trying match with filename: 228x240_40dc41e946cd0efb13e9de3bb50229ca.jpeg
[2025-07-29 12:02:31] 🔍 Trying match with filename: 228x240_40dc41e946cd0efb13e9de3bb50229ca.png
[2025-07-29 12:02:31] 🔍 Trying match with filename: 228x240_40dc41e946cd0efb13e9de3bb50229ca.webp
[2025-07-29 12:02:31] 🔍 Trying match with filename: 228x240_40dc41e946cd0efb13e9de3bb50229ca.gif
[2025-07-29 12:02:31] ⚠️ No metadata match found.
[2025-07-29 13:59:06] 🧪 Raw stdin: {"clientMutationId":null,"id":"237911","title":"1330x2048_db98a777c56871c370e1fedda54c05c7.jpg","code":null,"urls":[],"date":null,"details":"","photographer":null,"rating100":null,"organized":null,"scene_ids":null,"studio_id":null,"tag_ids":null,"performer_ids":null,"gallery_ids":null,"primary_file_id":null,"url":null}
[2025-07-29 13:59:06] Received fragment=1330x2048_db98a777c56871c370e1fedda54c05c7, path=
[2025-07-29 13:59:06] 🔍 Fallback found path: O:\OnlyFans\colorslashform\colorslashform - Images\1330x2048_db98a777c56871c370e1fedda54c05c7.jpg
[2025-07-29 13:59:06] Extracted username: colorslashform
[2025-07-29 13:59:06] DB path: O:/Metadata/Onlyfans\colorslashform\user_data.db
[2025-07-29 13:59:06] 🔍 Trying match with filename: 1330x2048_db98a777c56871c370e1fedda54c05c7.jpg
[2025-07-29 13:59:06] 🔍 Trying match with filename: 1330x2048_db98a777c56871c370e1fedda54c05c7.jpeg
[2025-07-29 13:59:06] 🔍 Trying match with filename: 1330x2048_db98a777c56871c370e1fedda54c05c7.png
[2025-07-29 13:59:06] 🔍 Trying match with filename: 1330x2048_db98a777c56871c370e1fedda54c05c7.webp
[2025-07-29 13:59:06] 🔍 Trying match with filename: 1330x2048_db98a777c56871c370e1fedda54c05c7.gif
[2025-07-29 13:59:06] ⚠️ No metadata match found.
[2025-07-31 09:41:55] 🧪 Raw stdin: {"clientMutationId":null,"id":"252916","title":"3024x4032_c49187d4be343c9e52ef26fcc9a9b89a.jpg","code":null,"urls":[],"date":null,"details":"Video coming later tonight 😈","photographer":null,"rating100":null,"organized":null,"scene_ids":null,"studio_id":null,"tag_ids":null,"performer_ids":null,"gallery_ids":null,"primary_file_id":null,"url":null}
[2025-07-31 09:41:55] Received fragment=3024x4032_c49187d4be343c9e52ef26fcc9a9b89a, path=
[2025-07-31 09:41:58] 🔍 Fallback found path: O:\OnlyFans\lancewoodsxxx\lancewoodsxxx - Images\3024x4032_c49187d4be343c9e52ef26fcc9a9b89a.jpg
[2025-07-31 09:41:58] Extracted username: lancewoodsxxx
[2025-07-31 09:41:58] DB path: O:/Metadata/Onlyfans\lancewoodsxxx\user_data.db
[2025-07-31 09:41:58] ❌ DB not found.
[2025-07-31 10:40:32] 🧪 Raw stdin: {"clientMutationId":null,"id":"252916","title":"3024x4032_c49187d4be343c9e52ef26fcc9a9b89a.jpg","code":null,"urls":[],"date":null,"details":"Video coming later tonight 😈","photographer":null,"rating100":null,"organized":null,"scene_ids":null,"studio_id":null,"tag_ids":null,"performer_ids":null,"gallery_ids":null,"primary_file_id":null,"url":null}
[2025-07-31 10:40:32] Received fragment=3024x4032_c49187d4be343c9e52ef26fcc9a9b89a, path=
[2025-07-31 10:40:32] 🔍 Fallback found path: O:\OnlyFans\lancewoodsxxx\lancewoodsxxx - Images\3024x4032_c49187d4be343c9e52ef26fcc9a9b89a.jpg
[2025-07-31 10:40:32] Extracted username: lancewoodsxxx
[2025-07-31 10:40:32] DB path: O:/Metadata/Onlyfans\lancewoodsxxx\user_data.db
[2025-07-31 10:40:32] ❌ DB not found.
[2025-08-04 18:48:42] 🧪 Raw stdin: {"clientMutationId":null,"id":"328986","title":"1566x1536_d6b67f46c63f69517e4bdb69d8829e6b.jpeg","code":null,"urls":[],"date":null,"details":"","photographer":null,"rating100":null,"organized":null,"scene_ids":null,"studio_id":null,"tag_ids":null,"performer_ids":null,"gallery_ids":null,"primary_file_id":null,"url":null}
[2025-08-04 18:48:42] Received fragment=1566x1536_d6b67f46c63f69517e4bdb69d8829e6b, path=
[2025-08-04 18:48:43] 🔍 Fallback found path: O:\OnlyFans\obscureverses\obscureverses - Images\1566x1536_d6b67f46c63f69517e4bdb69d8829e6b.jpeg
[2025-08-04 18:48:43] Extracted username: obscureverses
[2025-08-04 18:48:43] DB path: O:/Metadata/Onlyfans\obscureverses\user_data.db
[2025-08-04 18:48:43] 🔍 Trying match with filename: 1566x1536_d6b67f46c63f69517e4bdb69d8829e6b.jpg
[2025-08-04 18:48:43] 🔍 Trying match with filename: 1566x1536_d6b67f46c63f69517e4bdb69d8829e6b.jpeg
[2025-08-04 18:48:43] 🔍 Trying match with filename: 1566x1536_d6b67f46c63f69517e4bdb69d8829e6b.png
[2025-08-04 18:48:43] 🔍 Trying match with filename: 1566x1536_d6b67f46c63f69517e4bdb69d8829e6b.webp
[2025-08-04 18:48:43] 🔍 Trying match with filename: 1566x1536_d6b67f46c63f69517e4bdb69d8829e6b.gif
[2025-08-04 18:48:43] ⚠️ No metadata match found.
[2025-08-05 09:52:19] 🧪 Raw stdin: {"clientMutationId":null,"id":"214860","title":"ff36c5ba-9912-4a82-a151-e550ee9c1196","code":null,"urls":["https://coomer.st/onlyfans/user/czechtwinss/post/124766529"],"date":null,"details":"In Rio I try to go to the gym every second day. Hope you like the result 😘","photographer":null,"rating100":null,"organized":null,"scene_ids":null,"studio_id":null,"tag_ids":null,"performer_ids":null,"gallery_ids":null,"primary_file_id":null,"url":null}
[2025-08-05 09:52:19] Received fragment=ff36c5ba-9912-4a82-a151-e550ee9c1196, path=
[2025-08-05 09:52:20] 🔍 Fallback found path: 
[2025-08-05 09:52:20] Extracted username: None
[2025-08-05 09:52:20] ❌ Could not extract username or path is missing.
[2025-08-05 09:59:11] 🧪 Raw stdin: {"clientMutationId":null,"id":"214860","title":"ff36c5ba-9912-4a82-a151-e550ee9c1196.jpg","code":null,"urls":[],"date":null,"details":"","photographer":null,"rating100":null,"organized":null,"scene_ids":null,"studio_id":null,"tag_ids":null,"performer_ids":null,"gallery_ids":null,"primary_file_id":null,"url":null}
[2025-08-05 09:59:11] Received fragment=ff36c5ba-9912-4a82-a151-e550ee9c1196, path=
[2025-08-05 09:59:11] 🔍 Fallback found path: 
[2025-08-05 09:59:11] Extracted username: None
[2025-08-05 09:59:11] ❌ Could not extract username or path is missing.
[2025-08-09 14:09:23] 🧪 Raw stdin: {"clientMutationId":null,"id":"313999","title":"951x1268_f3bf8954c53a9d37739b37983a5eca46.jpg","code":null,"urls":[],"date":null,"details":"","photographer":null,"rating100":null,"organized":null,"scene_ids":null,"studio_id":null,"tag_ids":null,"performer_ids":null,"gallery_ids":null,"primary_file_id":null,"url":null}
[2025-08-09 14:09:23] Received fragment=951x1268_f3bf8954c53a9d37739b37983a5eca46, path=
[2025-08-09 14:09:23] 🔍 Fallback found path: O:\OnlyFans\lonewolfe.69\lonewolfe.69 - Images\951x1268_f3bf8954c53a9d37739b37983a5eca46.jpg
[2025-08-09 14:09:23] Extracted username: lonewolfe.69
[2025-08-09 14:09:23] DB path: O:/Metadata/Onlyfans\lonewolfe.69\user_data.db
[2025-08-09 14:09:23] ❌ DB not found.
[2025-08-09 14:12:20] 🧪 Raw stdin: {"clientMutationId":null,"id":"313999","title":"951x1268_f3bf8954c53a9d37739b37983a5eca46.jpg","code":null,"urls":[],"date":null,"details":"","photographer":null,"rating100":null,"organized":null,"scene_ids":null,"studio_id":null,"tag_ids":null,"performer_ids":null,"gallery_ids":null,"primary_file_id":null,"url":null}
[2025-08-09 14:12:20] Received fragment=951x1268_f3bf8954c53a9d37739b37983a5eca46, path=
[2025-08-09 14:12:20] 🔍 Fallback found path: O:\OnlyFans\lonewolfe.69\lonewolfe.69 - Images\951x1268_f3bf8954c53a9d37739b37983a5eca46.jpg
[2025-08-09 14:12:20] Extracted username: lonewolfe.69
[2025-08-09 14:12:20] DB path: O:/Metadata/Onlyfans\lonewolfe.69\user_data.db
[2025-08-09 14:12:20] ❌ DB not found.
[2025-08-09 14:12:32] 🧪 Raw stdin: {"clientMutationId":null,"id":"313999","title":"951x1268_f3bf8954c53a9d37739b37983a5eca46.jpg","code":null,"urls":[],"date":null,"details":"","photographer":null,"rating100":null,"organized":null,"scene_ids":null,"studio_id":null,"tag_ids":null,"performer_ids":null,"gallery_ids":null,"primary_file_id":null,"url":null}
[2025-08-09 14:12:32] Received fragment=951x1268_f3bf8954c53a9d37739b37983a5eca46, path=
[2025-08-09 14:12:32] 🔍 Fallback found path: O:\OnlyFans\lonewolfe.69\lonewolfe.69 - Images\951x1268_f3bf8954c53a9d37739b37983a5eca46.jpg
[2025-08-09 14:12:32] Extracted username: lonewolfe.69
[2025-08-09 14:12:32] DB path: O:/Metadata/Onlyfans\lonewolfe.69\user_data.db
[2025-08-09 14:12:32] ❌ DB not found.
[2025-08-09 17:03:57] 🧪 Raw stdin: {"clientMutationId":null,"id":"249540","title":"3000x4500_a8edee8f159b20754bfda9bdd729712e.jpg","code":null,"urls":[],"date":null,"details":"","photographer":null,"rating100":null,"organized":null,"scene_ids":null,"studio_id":null,"tag_ids":null,"performer_ids":null,"gallery_ids":null,"primary_file_id":null,"url":null}
[2025-08-09 17:03:57] Received fragment=3000x4500_a8edee8f159b20754bfda9bdd729712e, path=
[2025-08-09 17:03:58] 🔍 Fallback found path: O:\OnlyFans\joan_crisol\joan_crisol - Images\3000x4500_a8edee8f159b20754bfda9bdd729712e.jpg
[2025-08-09 17:03:58] Extracted username: joan_crisol
[2025-08-09 17:03:58] DB path: O:/Metadata/Onlyfans\joan_crisol\user_data.db
[2025-08-09 17:03:58] ❌ DB not found.
[2025-08-26 09:43:25] 🧪 Raw stdin: {"clientMutationId":null,"id":"245475","title":"20cb17d2965487b2c6c8e9d439c57e06.jpg","code":null,"urls":[],"date":null,"details":"","photographer":null,"rating100":null,"organized":null,"scene_ids":null,"studio_id":null,"tag_ids":null,"performer_ids":null,"gallery_ids":null,"primary_file_id":null,"url":null}
[2025-08-26 09:43:25] Received fragment=20cb17d2965487b2c6c8e9d439c57e06, path=
[2025-08-26 09:43:25] 🔍 Fallback found path: O:\OnlyFans\hungmuscginge\hungmuscginge - Images\20cb17d2965487b2c6c8e9d439c57e06.jpg
[2025-08-26 09:43:25] Extracted username: hungmuscginge
[2025-08-26 09:43:25] DB path: O:/Metadata/Onlyfans\hungmuscginge\user_data.db
[2025-08-26 09:43:25] ❌ DB not found.
[2025-09-04 13:28:03] 🧪 Raw stdin: {"clientMutationId":null,"id":"276721","title":"68254049c51ee111844920837e0c9568.jpeg","code":null,"urls":["https://coomer.st/onlyfans/user/thestepbrothers/post/339584048"],"date":null,"details":"","photographer":null,"rating100":null,"organized":null,"scene_ids":null,"studio_id":null,"tag_ids":null,"performer_ids":null,"gallery_ids":null,"primary_file_id":null,"url":null}
[2025-09-04 13:28:03] Received fragment=68254049c51ee111844920837e0c9568, path=
[2025-09-04 13:28:10] 🔍 Fallback found path: 
[2025-09-04 13:28:10] Extracted username: None
[2025-09-04 13:28:10] ❌ Could not extract username or path is missing.
[2026-01-07 10:14:10] 🧪 Raw stdin: {"clientMutationId":null,"id":"241517","title":"1028x1415_c5b6a7e23849b1aa39b38a73eaf662a2.jpeg","code":null,"urls":[],"date":null,"details":"","photographer":null,"rating100":null,"organized":null,"scene_ids":null,"studio_id":null,"tag_ids":null,"performer_ids":null,"gallery_ids":null,"primary_file_id":null,"url":null}
[2026-01-07 10:14:10] Received fragment=1028x1415_c5b6a7e23849b1aa39b38a73eaf662a2, path=
[2026-01-07 10:14:11] 🔍 Fallback found path: O:\OnlyFans\franklyvers\franklyvers - Images\1028x1415_c5b6a7e23849b1aa39b38a73eaf662a2.jpeg
[2026-01-07 10:14:11] Extracted username: franklyvers
[2026-01-07 10:14:11] DB path: O:/Metadata/Onlyfans\franklyvers\user_data.db
[2026-01-07 10:14:11] 🔍 Trying match with filename: 1028x1415_c5b6a7e23849b1aa39b38a73eaf662a2.jpg
[2026-01-07 10:14:11] 🔍 Trying match with filename: 1028x1415_c5b6a7e23849b1aa39b38a73eaf662a2.jpeg
[2026-01-07 10:14:11] 🔍 Trying match with filename: 1028x1415_c5b6a7e23849b1aa39b38a73eaf662a2.png
[2026-01-07 10:14:11] 🔍 Trying match with filename: 1028x1415_c5b6a7e23849b1aa39b38a73eaf662a2.webp
[2026-01-07 10:14:11] 🔍 Trying match with filename: 1028x1415_c5b6a7e23849b1aa39b38a73eaf662a2.gif
[2026-01-07 10:14:11] ⚠️ No metadata match found.
[2026-01-07 11:49:56] 🧪 Raw stdin: {"clientMutationId":null,"id":"241783","title":"avatar.jpg","code":null,"urls":[],"date":null,"details":"","photographer":null,"rating100":null,"organized":null,"scene_ids":null,"studio_id":null,"tag_ids":null,"performer_ids":null,"gallery_ids":null,"primary_file_id":null,"url":null}
[2026-01-07 11:49:56] Received fragment=avatar, path=
[2026-01-07 11:49:56] 🔍 Fallback found path: O:\OnlyFans\Adamsanerof\Adamsanerof - Images\avatar.jpeg
[2026-01-07 11:49:56] Extracted username: Adamsanerof
[2026-01-07 11:49:56] DB path: O:/Metadata/Onlyfans\Adamsanerof\user_data.db
[2026-01-07 11:49:56] ❌ DB not found.
[2026-02-04 17:47:05] 🧪 Raw stdin: {"clientMutationId":null,"id":"356306","title":"I love the way @the_book_of_eli_xxx looks at you… it’s so…","code":null,"urls":["https://onlyfans.com/2255987918/jake_od"],"date":"2026-02-04","details":"I love the way @the_book_of_eli_xxx looks at you… it’s so… “well? What are you waiting for?” 😏 He’s got one of those super fat uncut cocks that’s just so sexy, that thick kinda foreskin that slowly rolls back with each little twitch as his throbbing dick slowly gets hard… his glistening pink head slowly sliding out, dripping and waiting to be licked. 👅💦 I just had to get that shot from below him especially. Even fully soft it just looks like that dick is begging for an open mouth. Dude is so masc and cocky, just laid back in the house gaming, cock out swinging, not giving a fuck about his roommates. Not only that, but being filmed and shot turns him on so bad he ends up sorta subconsciously stroking his cock between the shots. Check the vid, it gets sooo fat and veiny when he plays with it 😵‍💫🤤","photographer":null,"rating100":null,"organized":null,"scene_ids":null,"studio_id":null,"tag_ids":null,"performer_ids":null,"gallery_ids":null,"primary_file_id":null,"url":null}
[2026-02-04 17:47:05] Received fragment=I love the way @the_book_of_eli_xxx looks at you… it’s so…, path=
[2026-02-04 17:47:06] 🔍 Fallback found path: 
[2026-02-04 17:47:06] Extracted username: None
[2026-02-04 17:47:06] ❌ Could not extract username or path is missing.
[2026-02-04 17:49:07] 🧪 Raw stdin: {"clientMutationId":null,"id":"356306","title":"I love the way @the_book_of_eli_xxx looks at you… it’s so…","code":null,"urls":["https://onlyfans.com/2255987918/jake_od"],"date":"2026-02-04","details":"I love the way @the_book_of_eli_xxx looks at you… it’s so… “well? What are you waiting for?” 😏 He’s got one of those super fat uncut cocks that’s just so sexy, that thick kinda foreskin that slowly rolls back with each little twitch as his throbbing dick slowly gets hard… his glistening pink head slowly sliding out, dripping and waiting to be licked. 👅💦 I just had to get that shot from below him especially. Even fully soft it just looks like that dick is begging for an open mouth. Dude is so masc and cocky, just laid back in the house gaming, cock out swinging, not giving a fuck about his roommates. Not only that, but being filmed and shot turns him on so bad he ends up sorta subconsciously stroking his cock between the shots. Check the vid, it gets sooo fat and veiny when he plays with it 😵‍💫🤤","photographer":null,"rating100":null,"organized":null,"scene_ids":null,"studio_id":null,"tag_ids":null,"performer_ids":null,"gallery_ids":null,"primary_file_id":null,"url":null}
[2026-02-04 17:49:07] Received fragment=I love the way @the_book_of_eli_xxx looks at you… it’s so…, path=
[2026-02-04 17:49:07] 🔍 Fallback found path: 
[2026-02-04 17:49:07] Extracted username: None
[2026-02-04 17:49:07] ❌ Could not extract username or path is missing.
[2026-02-17 20:12:46] 🧪 Raw stdin: {"clientMutationId":null,"id":"358884","title":"853x1280_d30652fd3e69733ba1885b3ee6f6dbb2.jpeg","code":null,"urls":[],"date":null,"details":"","photographer":null,"rating100":null,"organized":null,"scene_ids":null,"studio_id":null,"tag_ids":null,"performer_ids":null,"gallery_ids":null,"primary_file_id":null,"url":null}
[2026-02-17 20:12:46] Received fragment=853x1280_d30652fd3e69733ba1885b3ee6f6dbb2, path=
[2026-02-17 20:12:57] 🔍 Fallback found path: O:\OnlyFans\vanderverdan\vanderverdan - Images\853x1280_d30652fd3e69733ba1885b3ee6f6dbb2.jpeg
[2026-02-17 20:12:57] Extracted username: vanderverdan
[2026-02-17 20:12:57] DB path: O:/Metadata/Onlyfans\vanderverdan\user_data.db
[2026-02-17 20:12:57] 🔍 Trying match with filename: 853x1280_d30652fd3e69733ba1885b3ee6f6dbb2.jpg
[2026-02-17 20:12:57] 🔍 Trying match with filename: 853x1280_d30652fd3e69733ba1885b3ee6f6dbb2.jpeg
[2026-02-17 20:12:57] 🔍 Trying match with filename: 853x1280_d30652fd3e69733ba1885b3ee6f6dbb2.png
[2026-02-17 20:12:57] 🔍 Trying match with filename: 853x1280_d30652fd3e69733ba1885b3ee6f6dbb2.webp
[2026-02-17 20:12:57] 🔍 Trying match with filename: 853x1280_d30652fd3e69733ba1885b3ee6f6dbb2.gif
[2026-02-17 20:12:57] ⚠️ No metadata match found.
[2026-02-17 20:13:15] 🧪 Raw stdin: {"clientMutationId":null,"id":"358884","title":"853x1280_d30652fd3e69733ba1885b3ee6f6dbb2.jpeg","code":null,"urls":[],"date":null,"details":"","photographer":null,"rating100":null,"organized":null,"scene_ids":null,"studio_id":null,"tag_ids":null,"performer_ids":null,"gallery_ids":null,"primary_file_id":null,"url":null}
[2026-02-17 20:13:15] Received fragment=853x1280_d30652fd3e69733ba1885b3ee6f6dbb2, path=
[2026-02-17 20:13:16] 🔍 Fallback found path: O:\OnlyFans\vanderverdan\vanderverdan - Images\853x1280_d30652fd3e69733ba1885b3ee6f6dbb2.jpeg
[2026-02-17 20:13:16] Extracted username: vanderverdan
[2026-02-17 20:13:16] DB path: O:/Metadata/Onlyfans\vanderverdan\user_data.db
[2026-02-17 20:13:16] 🔍 Trying match with filename: 853x1280_d30652fd3e69733ba1885b3ee6f6dbb2.jpg
[2026-02-17 20:13:16] 🔍 Trying match with filename: 853x1280_d30652fd3e69733ba1885b3ee6f6dbb2.jpeg
[2026-02-17 20:13:16] 🔍 Trying match with filename: 853x1280_d30652fd3e69733ba1885b3ee6f6dbb2.png
[2026-02-17 20:13:16] 🔍 Trying match with filename: 853x1280_d30652fd3e69733ba1885b3ee6f6dbb2.webp
[2026-02-17 20:13:16] 🔍 Trying match with filename: 853x1280_d30652fd3e69733ba1885b3ee6f6dbb2.gif
[2026-02-17 20:13:16] ⚠️ No metadata match found.
[2026-02-17 20:13:30] 🧪 Raw stdin: {"clientMutationId":null,"id":"358884","title":"853x1280_d30652fd3e69733ba1885b3ee6f6dbb2.jpeg","code":null,"urls":[],"date":null,"details":"","photographer":null,"rating100":null,"organized":null,"scene_ids":null,"studio_id":null,"tag_ids":null,"performer_ids":null,"gallery_ids":null,"primary_file_id":null,"url":null}
[2026-02-17 20:13:30] Received fragment=853x1280_d30652fd3e69733ba1885b3ee6f6dbb2, path=
[2026-02-17 20:13:31] 🔍 Fallback found path: O:\OnlyFans\vanderverdan\vanderverdan - Images\853x1280_d30652fd3e69733ba1885b3ee6f6dbb2.jpeg
[2026-02-17 20:13:31] Extracted username: vanderverdan
[2026-02-17 20:13:31] DB path: O:/Metadata/Onlyfans\vanderverdan\user_data.db
[2026-02-17 20:13:31] 🔍 Trying match with filename: 853x1280_d30652fd3e69733ba1885b3ee6f6dbb2.jpg
[2026-02-17 20:13:31] 🔍 Trying match with filename: 853x1280_d30652fd3e69733ba1885b3ee6f6dbb2.jpeg
[2026-02-17 20:13:31] 🔍 Trying match with filename: 853x1280_d30652fd3e69733ba1885b3ee6f6dbb2.png
[2026-02-17 20:13:31] 🔍 Trying match with filename: 853x1280_d30652fd3e69733ba1885b3ee6f6dbb2.webp
[2026-02-17 20:13:31] 🔍 Trying match with filename: 853x1280_d30652fd3e69733ba1885b3ee6f6dbb2.gif
[2026-02-17 20:13:31] ⚠️ No metadata match found.
[2026-03-26 07:49:09] 🧪 Raw stdin: {"clientMutationId":null,"id":"362317","title":"1728x2592_f2cf8e7042c8053c1852ea51d2c34a12.jpeg","code":null,"urls":[],"date":null,"details":"","photographer":null,"rating100":null,"organized":null,"scene_ids":null,"studio_id":null,"tag_ids":null,"performer_ids":null,"gallery_ids":null,"primary_file_id":null,"custom_fields":null,"url":null}
[2026-03-26 07:49:09] Received fragment=1728x2592_f2cf8e7042c8053c1852ea51d2c34a12, path=
[2026-03-26 07:49:09] 🔍 Fallback found path: O:\OnlyFans\briankaminski\briankaminski - Images\1728x2592_f2cf8e7042c8053c1852ea51d2c34a12.jpeg
[2026-03-26 07:49:09] Extracted username: briankaminski
[2026-03-26 07:49:09] DB path: O:/Metadata/Onlyfans\briankaminski\user_data.db
[2026-03-26 07:49:10] 🔍 Trying match with filename: 1728x2592_f2cf8e7042c8053c1852ea51d2c34a12.jpg
[2026-03-26 07:49:10] 🔍 Trying match with filename: 1728x2592_f2cf8e7042c8053c1852ea51d2c34a12.jpeg
[2026-03-26 07:49:10] 🔍 Trying match with filename: 1728x2592_f2cf8e7042c8053c1852ea51d2c34a12.png
[2026-03-26 07:49:10] 🔍 Trying match with filename: 1728x2592_f2cf8e7042c8053c1852ea51d2c34a12.webp
[2026-03-26 07:49:10] 🔍 Trying match with filename: 1728x2592_f2cf8e7042c8053c1852ea51d2c34a12.gif
[2026-03-26 07:49:10] ⚠️ No metadata match found.
[2026-05-28 18:17:37] 🧪 Raw stdin: {"clientMutationId":null,"id":"365047","title":"Check out my newest face (and body) belonging to the incredible","code":null,"urls":["https://onlyfans.com/9799019951258/briankaminski"],"date":"2026-05-28","details":"Check out my newest face (and body) belonging to the incredible @buffboybrock featured today on the feed.","photographer":null,"rating100":null,"organized":null,"scene_ids":null,"studio_id":null,"tag_ids":null,"performer_ids":null,"gallery_ids":null,"primary_file_id":null,"custom_fields":null,"url":null}
[2026-05-28 18:17:37] Received fragment=Check out my newest face (and body) belonging to the incredible, path=
[2026-05-28 18:17:38] 🔍 Fallback found path: 
[2026-05-28 18:17:38] Extracted username: None
[2026-05-28 18:17:38] ❌ Could not extract username or path is missing.
[2026-06-27 16:55:55] 🧪 Raw stdin: {"clientMutationId":null,"id":"366787","title":"913x630_a72c46421230c0094b3d02ea7f887fcf","code":null,"urls":[],"date":null,"details":"913x630_a72c46421230c0094b3d02ea7f887fcf","photographer":null,"rating100":null,"organized":null,"scene_ids":null,"studio_id":null,"tag_ids":null,"performer_ids":null,"gallery_ids":null,"primary_file_id":null,"custom_fields":null,"url":null}
[2026-06-27 16:55:55] Received fragment=913x630_a72c46421230c0094b3d02ea7f887fcf, path=
[2026-06-27 16:55:55] 🔍 Fallback found path: 
[2026-06-27 16:55:55] Extracted username: None
[2026-06-27 16:55:55] ❌ Could not extract username or path is missing.
[2026-06-29 08:44:16] 🧪 Raw stdin: {"clientMutationId":null,"id":"367572","title":"679x1161_bdb4a537bbfc7a2c6ca247ceec568dae.jpeg","code":null,"urls":[],"date":null,"details":"","photographer":null,"rating100":null,"organized":null,"scene_ids":null,"studio_id":null,"tag_ids":null,"performer_ids":null,"gallery_ids":null,"primary_file_id":null,"custom_fields":null,"url":null}
[2026-06-29 08:44:16] Received fragment=679x1161_bdb4a537bbfc7a2c6ca247ceec568dae, path=
[2026-06-29 08:44:16] 🔍 Fallback found path: O:\OnlyFans\Leander\Leander - Images\679x1161_bdb4a537bbfc7a2c6ca247ceec568dae.jpeg
[2026-06-29 08:44:16] Extracted username: Leander
[2026-06-29 08:44:16] DB path: O:/Metadata/Onlyfans\Leander\user_data.db
[2026-06-29 08:44:16] 🔍 Trying match with filename: 679x1161_bdb4a537bbfc7a2c6ca247ceec568dae.jpg
[2026-06-29 08:44:16] 🔍 Trying match with filename: 679x1161_bdb4a537bbfc7a2c6ca247ceec568dae.jpeg
[2026-06-29 08:44:16] 🔍 Trying match with filename: 679x1161_bdb4a537bbfc7a2c6ca247ceec568dae.png
[2026-06-29 08:44:16] 🔍 Trying match with filename: 679x1161_bdb4a537bbfc7a2c6ca247ceec568dae.webp
[2026-06-29 08:44:16] 🔍 Trying match with filename: 679x1161_bdb4a537bbfc7a2c6ca247ceec568dae.gif
[2026-06-29 08:44:16] ⚠️ No metadata match found.
